Determining if the pthread_create exist failed with the following output:
Change Dir: /home/lshm/CLionProjects/Train_Coding/Five_Hundred_Programming/cmake-build-debug/CMakeFiles/CMakeTmp

Run Build Command:"/usr/bin/make" "cmTC_c7e66/fast"
/usr/bin/make -f CMakeFiles/cmTC_c7e66.dir/build.make CMakeFiles/cmTC_c7e66.dir/build
make[1]: Entering directory '/home/lshm/CLionProjects/Train_Coding/Five_Hundred_Programming/cmake-build-debug/CMakeFiles/CMakeTmp'
Building C object CMakeFiles/cmTC_c7e66.dir/CheckSymbolExists.c.o
/usr/bin/cc    -o CMakeFiles/cmTC_c7e66.dir/CheckSymbolExists.c.o   -c /home/lshm/CLionProjects/Train_Coding/Five_Hundred_Programming/cmake-build-debug/CMakeFiles/CMakeTmp/CheckSymbolExists.c
Linking C executable cmTC_c7e66
/home/lshm/Documents/clion-2018.3.3/bin/cmake/linux/bin/cmake -E cmake_link_script CMakeFiles/cmTC_c7e66.dir/link.txt --verbose=1
/usr/bin/cc      CMakeFiles/cmTC_c7e66.dir/CheckSymbolExists.c.o  -o cmTC_c7e66 
CMakeFiles/cmTC_c7e66.dir/CheckSymbolExists.c.o: In function `main':
CheckSymbolExists.c:(.text+0x16): undefined reference to `pthread_create'
collect2: error: ld returned 1 exit status
CMakeFiles/cmTC_c7e66.dir/build.make:86: recipe for target 'cmTC_c7e66' failed
make[1]: *** [cmTC_c7e66] Error 1
make[1]: Leaving directory '/home/lshm/CLionProjects/Train_Coding/Five_Hundred_Programming/cmake-build-debug/CMakeFiles/CMakeTmp'
Makefile:121: recipe for target 'cmTC_c7e66/fast' failed
make: *** [cmTC_c7e66/fast] Error 2

File /home/lshm/CLionProjects/Train_Coding/Five_Hundred_Programming/cmake-build-debug/CMakeFiles/CMakeTmp/CheckSymbolExists.c:
/* */
#include <pthread.h>

int main(int argc, char** argv)
{
  (void)argv;
#ifndef pthread_create
  return ((int*)(&pthread_create))[argc];
#else
  (void)argc;
  return 0;
#endif
}

Determining if the function pthread_create exists in the pthreads failed with the following output:
Change Dir: /home/lshm/CLionProjects/Train_Coding/Five_Hundred_Programming/cmake-build-debug/CMakeFiles/CMakeTmp

Run Build Command:"/usr/bin/make" "cmTC_28a0b/fast"
/usr/bin/make -f CMakeFiles/cmTC_28a0b.dir/build.make CMakeFiles/cmTC_28a0b.dir/build
make[1]: Entering directory '/home/lshm/CLionProjects/Train_Coding/Five_Hundred_Programming/cmake-build-debug/CMakeFiles/CMakeTmp'
Building C object CMakeFiles/cmTC_28a0b.dir/CheckFunctionExists.c.o
/usr/bin/cc   -DCHECK_FUNCTION_EXISTS=pthread_create   -o CMakeFiles/cmTC_28a0b.dir/CheckFunctionExists.c.o   -c /home/lshm/Documents/clion-2018.3.3/bin/cmake/linux/share/cmake-3.13/Modules/CheckFunctionExists.c
Linking C executable cmTC_28a0b
/home/lshm/Documents/clion-2018.3.3/bin/cmake/linux/bin/cmake -E cmake_link_script CMakeFiles/cmTC_28a0b.dir/link.txt --verbose=1
/usr/bin/cc  -DCHECK_FUNCTION_EXISTS=pthread_create    CMakeFiles/cmTC_28a0b.dir/CheckFunctionExists.c.o  -o cmTC_28a0b -lpthreads 
/usr/bin/ld: cannot find -lpthreads
collect2: error: ld returned 1 exit status
CMakeFiles/cmTC_28a0b.dir/build.make:86: recipe for target 'cmTC_28a0b' failed
make[1]: *** [cmTC_28a0b] Error 1
make[1]: Leaving directory '/home/lshm/CLionProjects/Train_Coding/Five_Hundred_Programming/cmake-build-debug/CMakeFiles/CMakeTmp'
Makefile:121: recipe for target 'cmTC_28a0b/fast' failed
make: *** [cmTC_28a0b/fast] Error 2


