Determining if the pthread_create exist failed with the following output:
Change Dir: /home/lshm/CLionProjects/Train_Coding/Five_Hundred_Programming/CMakeFiles/CMakeTmp

Run Build Command:"/usr/bin/make" "cmTC_c692e/fast"
/usr/bin/make -f CMakeFiles/cmTC_c692e.dir/build.make CMakeFiles/cmTC_c692e.dir/build
make[1]: Entering directory '/home/lshm/CLionProjects/Train_Coding/Five_Hundred_Programming/CMakeFiles/CMakeTmp'
Building C object CMakeFiles/cmTC_c692e.dir/CheckSymbolExists.c.o
/usr/bin/cc     -o CMakeFiles/cmTC_c692e.dir/CheckSymbolExists.c.o   -c /home/lshm/CLionProjects/Train_Coding/Five_Hundred_Programming/CMakeFiles/CMakeTmp/CheckSymbolExists.c
Linking C executable cmTC_c692e
/usr/bin/cmake -E cmake_link_script CMakeFiles/cmTC_c692e.dir/link.txt --verbose=1
/usr/bin/cc       CMakeFiles/cmTC_c692e.dir/CheckSymbolExists.c.o  -o cmTC_c692e 
CMakeFiles/cmTC_c692e.dir/CheckSymbolExists.c.o: In function `main':
CheckSymbolExists.c:(.text+0x16): undefined reference to `pthread_create'
collect2: error: ld returned 1 exit status
CMakeFiles/cmTC_c692e.dir/build.make:97: recipe for target 'cmTC_c692e' failed
make[1]: *** [cmTC_c692e] Error 1
make[1]: Leaving directory '/home/lshm/CLionProjects/Train_Coding/Five_Hundred_Programming/CMakeFiles/CMakeTmp'
Makefile:126: recipe for target 'cmTC_c692e/fast' failed
make: *** [cmTC_c692e/fast] Error 2

File /home/lshm/CLionProjects/Train_Coding/Five_Hundred_Programming/CMakeFiles/CMakeTmp/CheckSymbolExists.c:
/* */
#include <pthread.h>

int main(int argc, char** argv)
{
  (void)argv;
#ifndef pthread_create
  return ((int*)(&pthread_create))[argc];
#else
  (void)argc;
  return 0;
#endif
}

Determining if the function pthread_create exists in the pthreads failed with the following output:
Change Dir: /home/lshm/CLionProjects/Train_Coding/Five_Hundred_Programming/CMakeFiles/CMakeTmp

Run Build Command:"/usr/bin/make" "cmTC_1df0a/fast"
/usr/bin/make -f CMakeFiles/cmTC_1df0a.dir/build.make CMakeFiles/cmTC_1df0a.dir/build
make[1]: Entering directory '/home/lshm/CLionProjects/Train_Coding/Five_Hundred_Programming/CMakeFiles/CMakeTmp'
Building C object CMakeFiles/cmTC_1df0a.dir/CheckFunctionExists.c.o
/usr/bin/cc    -DCHECK_FUNCTION_EXISTS=pthread_create   -o CMakeFiles/cmTC_1df0a.dir/CheckFunctionExists.c.o   -c /usr/share/cmake-3.5/Modules/CheckFunctionExists.c
Linking C executable cmTC_1df0a
/usr/bin/cmake -E cmake_link_script CMakeFiles/cmTC_1df0a.dir/link.txt --verbose=1
/usr/bin/cc   -DCHECK_FUNCTION_EXISTS=pthread_create    CMakeFiles/cmTC_1df0a.dir/CheckFunctionExists.c.o  -o cmTC_1df0a -lpthreads 
/usr/bin/ld: cannot find -lpthreads
collect2: error: ld returned 1 exit status
CMakeFiles/cmTC_1df0a.dir/build.make:97: recipe for target 'cmTC_1df0a' failed
make[1]: *** [cmTC_1df0a] Error 1
make[1]: Leaving directory '/home/lshm/CLionProjects/Train_Coding/Five_Hundred_Programming/CMakeFiles/CMakeTmp'
Makefile:126: recipe for target 'cmTC_1df0a/fast' failed
make: *** [cmTC_1df0a/fast] Error 2


